移動成功(omote/images_tmp/0a87832154ec69f7c2f33e675034c2f8bf646548.jpeg)
移動成功(omote/images_tmp/0f7a0dbaffb15e60a4232aa5f9e258ff48f64883.jpeg)
移動成功(omote/images_tmp/1_51bb7fbdd775d7e3327e4a6d41013b17_583x585.jpg)
移動成功(omote/images_tmp/1c763450254e278dec89ccb507e55bb5dcf6ea0e.jpg)
移動成功(omote/images_tmp/1f6f896088b0b0d1e23bb170f47b649ab6436e01.jpeg)
移動成功(omote/images_tmp/ab881792d3b72cd43552d9a495e2c97dfc51b9fc.jpg)
移動成功(omote/images_tmp/background-tree.png)
移動成功(omote/images_tmp/base_logo.jpg)
移動成功(omote/images_tmp/bookWallet.png)
移動成功(omote/images_tmp/cardCase.png)
移動成功(omote/images_tmp/catHolder.png)
移動成功(omote/images_tmp/facebook_rogo.png)
移動成功(omote/images_tmp/gamaGreen.png)
移動成功(omote/images_tmp/gamasaifu_top.png)
移動成功(omote/images_tmp/insta_rogo.png)
移動成功(omote/images_tmp/keyCases.png)
移動成功(omote/images_tmp/logo_broonie.png)
移動成功(omote/images_tmp/minne_logo.jpg)
移動成功(omote/images_tmp/ordermadeBosyu.png)
移動成功(omote/images_tmp/osaifuBagGreen.png)
移動成功(omote/images_tmp/product_001.png)
移動成功(omote/images_tmp/product_002.png)
移動成功(omote/images_tmp/product_003.png)
移動成功(omote/images_tmp/product_004.png)
移動成功(omote/images_tmp/product_005.png)
移動成功(omote/images_tmp/product_006.png)
移動成功(omote/images_tmp/product_007.png)
移動成功(omote/images_tmp/product_008.png)
移動成功(omote/images_tmp/sample.jpg)
移動成功(omote/images_tmp/simpleBlue.png)
移動成功(omote/images_tmp/simpleBrown.png)
移動成功(omote/images_tmp/sisterWallet.png)
移動成功(omote/images_tmp/sumahoCaseRed.png)
移動成功(omote/images_tmp/test001.png)
移動成功(omote/images_tmp/test2.png)
移動成功(omote/images_tmp/top.jpg)
移動成功(omote/images_tmp/top_sm.jpg)
移動成功(omote/images_tmp/ttoolHolder.png)
移動成功(omote/images_tmp/twitter_rogo.png)
移動成功(omote/images_tmp/xlogo_broonie.png)
移動成功(omote/images_tmp2/0a87832154ec69f7c2f33e675034c2f8bf646548.jpeg)
移動成功(omote/images_tmp2/0f7a0dbaffb15e60a4232aa5f9e258ff48f64883.jpeg)
移動成功(omote/images_tmp2/1_51bb7fbdd775d7e3327e4a6d41013b17_583x585.jpg)
移動成功(omote/images_tmp2/1c763450254e278dec89ccb507e55bb5dcf6ea0e.jpg)
移動成功(omote/images_tmp2/1f6f896088b0b0d1e23bb170f47b649ab6436e01.jpeg)
移動成功(omote/images_tmp2/ab881792d3b72cd43552d9a495e2c97dfc51b9fc.jpg)
移動成功(omote/images_tmp2/background-tree.png)
移動成功(omote/images_tmp2/base_logo.jpg)
移動成功(omote/images_tmp2/bookWallet.png)
移動成功(omote/images_tmp2/cardCase.png)
移動成功(omote/images_tmp2/catHolder.png)
移動成功(omote/images_tmp2/facebook_rogo.png)
移動成功(omote/images_tmp2/gamaGreen.png)
移動成功(omote/images_tmp2/gamasaifu_top.png)
移動成功(omote/images_tmp2/insta_rogo.png)
移動成功(omote/images_tmp2/keyCases.png)
移動成功(omote/images_tmp2/logo_broonie.png)
移動成功(omote/images_tmp2/minne_logo.jpg)
移動成功(omote/images_tmp2/ordermadeBosyu.png)
移動成功(omote/images_tmp2/osaifuBagGreen.png)
移動成功(omote/images_tmp2/product_001.png)
移動成功(omote/images_tmp2/product_002.png)
移動成功(omote/images_tmp2/product_003.png)
移動成功(omote/images_tmp2/product_004.png)
移動成功(omote/images_tmp2/product_005.png)
移動成功(omote/images_tmp2/product_006.png)
移動成功(omote/images_tmp2/product_007.png)
移動成功(omote/images_tmp2/product_008.png)
移動成功(omote/images_tmp2/sample.jpg)
移動成功(omote/images_tmp2/simpleBlue.png)
移動成功(omote/images_tmp2/simpleBrown.png)
移動成功(omote/images_tmp2/sisterWallet.png)
移動成功(omote/images_tmp2/sumahoCaseRed.png)
移動成功(omote/images_tmp2/test001.png)
移動成功(omote/images_tmp2/test2.png)
移動成功(omote/images_tmp2/top.jpg)
移動成功(omote/images_tmp2/top_sm.jpg)
移動成功(omote/images_tmp2/ttoolHolder.png)
移動成功(omote/images_tmp2/twitter_rogo.png)
移動成功(omote/images_tmp2/xlogo_broonie.png)
[2020-12-27 03:51:33] 実行開始
[2020-12-27 03:51:35] 移動成功(omote/images_tmp/0a87832154ec69f7c2f33e675034c2f8bf646548.jpeg) [0]
[2020-12-27 03:51:36] 移動成功(omote/images_tmp/0f7a0dbaffb15e60a4232aa5f9e258ff48f64883.jpeg) [1]
[2020-12-27 03:51:37] 移動成功(omote/images_tmp/1_51bb7fbdd775d7e3327e4a6d41013b17_583x585.jpg) [2]
[2020-12-27 03:51:37] 移動成功(omote/images_tmp/1c763450254e278dec89ccb507e55bb5dcf6ea0e.jpg) [3]
[2020-12-27 03:51:38] 移動成功(omote/images_tmp/1f6f896088b0b0d1e23bb170f47b649ab6436e01.jpeg) [4]
[2020-12-27 03:51:39] 移動成功(omote/images_tmp/ab881792d3b72cd43552d9a495e2c97dfc51b9fc.jpg) [5]
[2020-12-27 03:51:40] 移動成功(omote/images_tmp/background-tree.png) [6]
[2020-12-27 03:51:41] 移動成功(omote/images_tmp/base_logo.jpg) [7]
[2020-12-27 03:51:42] 移動成功(omote/images_tmp/bookWallet.png) [8]
[2020-12-27 03:51:42] 移動成功(omote/images_tmp/cardCase.png) [9]
[2020-12-27 03:51:43] 移動成功(omote/images_tmp/catHolder.png) [10]
[2020-12-27 03:51:44] 移動成功(omote/images_tmp/facebook_rogo.png) [11]
[2020-12-27 03:51:45] 移動成功(omote/images_tmp/gamaGreen.png) [12]
[2020-12-27 03:51:47] 移動成功(omote/images_tmp/gamasaifu_top.png) [13]
[2020-12-27 03:51:48] 移動成功(omote/images_tmp/insta_rogo.png) [14]
[2020-12-27 03:51:49] 移動成功(omote/images_tmp/keyCases.png) [15]
[2020-12-27 03:51:50] 移動成功(omote/images_tmp/logo_broonie.png) [16]
[2020-12-27 03:51:50] 移動成功(omote/images_tmp/minne_logo.jpg) [17]
[2020-12-27 03:51:51] 移動成功(omote/images_tmp/ordermadeBosyu.png) [18]
[2020-12-27 03:51:52] 移動成功(omote/images_tmp/osaifuBagGreen.png) [19]
[2020-12-27 03:51:53] 移動成功(omote/images_tmp/product_001.png) [20]
[2020-12-27 03:53:24] 移動成功(omote/images_tmp/product_002.png) [21]
[2020-12-27 03:53:26] 移動成功(omote/images_tmp/product_003.png) [22]
[2020-12-27 03:53:28] 移動成功(omote/images_tmp/product_004.png) [23]
[2020-12-27 03:53:30] 移動成功(omote/images_tmp/product_005.png) [24]
[2020-12-27 03:53:32] 移動成功(omote/images_tmp/product_006.png) [25]
[2020-12-27 03:53:34] 移動成功(omote/images_tmp/product_007.png) [26]
[2020-12-27 03:53:36] 移動成功(omote/images_tmp/product_008.png) [27]
[2020-12-27 03:53:40] 移動成功(omote/images_tmp/sample.jpg) [28]
[2020-12-27 03:53:41] 移動成功(omote/images_tmp/simpleBlue.png) [29]
[2020-12-27 03:53:42] 移動成功(omote/images_tmp/simpleBrown.png) [30]
[2020-12-27 03:53:44] 移動成功(omote/images_tmp/sisterWallet.png) [31]
[2020-12-27 03:53:47] 移動成功(omote/images_tmp/sumahoCaseRed.png) [32]
[2020-12-27 03:53:49] 移動成功(omote/images_tmp/test001.png) [33]
[2020-12-27 03:53:50] 移動成功(omote/images_tmp/test2.png) [34]
[2020-12-27 03:53:51] 移動成功(omote/images_tmp/top.jpg) [35]
[2020-12-27 03:53:52] 移動成功(omote/images_tmp/top_sm.jpg) [36]
[2020-12-27 03:53:53] 移動成功(omote/images_tmp/ttoolHolder.png) [37]
[2020-12-27 03:53:54] 移動成功(omote/images_tmp/twitter_rogo.png) [38]
[2020-12-27 03:53:55] 移動成功(omote/images_tmp/xlogo_broonie.png) [39]
[2020-12-27 03:53:56] 移動成功(omote/images_tmp2/0a87832154ec69f7c2f33e675034c2f8bf646548.jpeg) [0]
[2020-12-27 03:53:57] 移動成功(omote/images_tmp2/0f7a0dbaffb15e60a4232aa5f9e258ff48f64883.jpeg) [1]
[2020-12-27 03:53:58] 移動成功(omote/images_tmp2/1_51bb7fbdd775d7e3327e4a6d41013b17_583x585.jpg) [2]
[2020-12-27 03:53:59] 移動成功(omote/images_tmp2/1c763450254e278dec89ccb507e55bb5dcf6ea0e.jpg) [3]
[2020-12-27 03:53:59] 移動成功(omote/images_tmp2/1f6f896088b0b0d1e23bb170f47b649ab6436e01.jpeg) [4]
[2020-12-27 03:54:00] 移動成功(omote/images_tmp2/ab881792d3b72cd43552d9a495e2c97dfc51b9fc.jpg) [5]
[2020-12-27 03:54:03] 移動成功(omote/images_tmp2/background-tree.png) [6]
[2020-12-27 03:54:04] 移動成功(omote/images_tmp2/base_logo.jpg) [7]
[2020-12-27 03:54:05] 移動成功(omote/images_tmp2/bookWallet.png) [8]
[2020-12-27 03:54:06] 移動成功(omote/images_tmp2/cardCase.png) [9]
[2020-12-27 03:54:07] 移動成功(omote/images_tmp2/catHolder.png) [10]
[2020-12-27 03:54:08] 移動成功(omote/images_tmp2/facebook_rogo.png) [11]
[2020-12-27 03:54:09] 移動成功(omote/images_tmp2/gamaGreen.png) [12]
[2020-12-27 03:54:11] 移動成功(omote/images_tmp2/gamasaifu_top.png) [13]
[2020-12-27 03:54:13] 移動成功(omote/images_tmp2/insta_rogo.png) [14]
[2020-12-27 03:54:14] 移動成功(omote/images_tmp2/keyCases.png) [15]
[2020-12-27 03:54:15] 移動成功(omote/images_tmp2/logo_broonie.png) [16]
[2020-12-27 03:54:15] 移動成功(omote/images_tmp2/minne_logo.jpg) [17]
[2020-12-27 03:54:16] 移動成功(omote/images_tmp2/ordermadeBosyu.png) [18]
[2020-12-27 03:54:18] 移動成功(omote/images_tmp2/osaifuBagGreen.png) [19]
[2020-12-27 03:54:19] 移動成功(omote/images_tmp2/product_001.png) [20]
[2020-12-27 03:55:47] 移動成功(omote/images_tmp2/product_002.png) [21]
[2020-12-27 03:55:48] 移動成功(omote/images_tmp2/product_003.png) [22]
[2020-12-27 03:55:50] 移動成功(omote/images_tmp2/product_004.png) [23]
[2020-12-27 03:55:51] 移動成功(omote/images_tmp2/product_005.png) [24]
[2020-12-27 03:55:53] 移動成功(omote/images_tmp2/product_006.png) [25]
[2020-12-27 03:55:56] 移動成功(omote/images_tmp2/product_007.png) [26]
[2020-12-27 03:55:58] 移動成功(omote/images_tmp2/product_008.png) [27]
[2020-12-27 03:56:02] 移動成功(omote/images_tmp2/sample.jpg) [28]
[2020-12-27 03:56:03] 移動成功(omote/images_tmp2/simpleBlue.png) [29]
[2020-12-27 03:56:05] 移動成功(omote/images_tmp2/simpleBrown.png) [30]
[2020-12-27 03:56:05] 移動成功(omote/images_tmp2/sisterWallet.png) [31]
[2020-12-27 03:56:06] 移動成功(omote/images_tmp2/sumahoCaseRed.png) [32]
[2020-12-27 03:56:07] 移動成功(omote/images_tmp2/test001.png) [33]
[2020-12-27 03:56:08] 移動成功(omote/images_tmp2/test2.png) [34]
[2020-12-27 03:56:09] 移動成功(omote/images_tmp2/top.jpg) [35]
[2020-12-27 03:56:10] 移動成功(omote/images_tmp2/top_sm.jpg) [36]
[2020-12-27 03:56:11] 移動成功(omote/images_tmp2/ttoolHolder.png) [37]
[2020-12-27 03:56:11] 移動成功(omote/images_tmp2/twitter_rogo.png) [38]
[2020-12-27 03:56:12] 移動成功(omote/images_tmp2/xlogo_broonie.png) [39]
[2020-12-27 03:56:12] 実行終了
